2022-04-23 14:36:18,704  INFO [main] ebanking:32 - new lancunched
 e2022-04-23 15:03:46,735  INFO [main] ebanking:32 - new lancunched
 e2022-04-23 15:03:49,507  INFO [main] ebanking:32 - new lancunched
 e2022-04-23 15:03:52,851  INFO [main] ebanking:32 - new lancunched
 e2022-04-23 15:03:54,423  INFO [main] ebanking:32 - new lancunched
 e2022-04-23 15:03:54,845  INFO [main] ebanking:32 - new lancunched
 e2022-04-23 15:04:16,492  INFO [main] ebanking:32 - new lancunched
 e2022-04-23 15:05:52,017  INFO [main] ebanking:32 - new lancunched
 e2022-04-23 15:06:32,544  INFO [main] ebanking:32 - new lancunched
 e2022-04-23 15:07:18,038  INFO [main] ebanking:32 - new lancunched
 e2022-04-23 15:10:36,946  INFO [main] ebanking:32 - new lancunched
 e2022-04-23 15:12:26,400  INFO [main] ebanking:32 - new lancunched
 e2022-04-23 15:13:04,461  INFO [main] ebanking:32 - new lancunched
 e2022-04-23 15:13:56,654  INFO [main] ebanking:32 - new lancunched
 e2022-04-23 15:14:47,020  INFO [main] ebanking:32 - new lancunched
 e2022-04-23 15:19:41,786  INFO [main] ebanking:32 - new lancunched
 e2022-04-23 16:07:30,149  INFO [main] ebanking:38 - new lancunched
 e2022-04-23 16:08:18,646  INFO [main] ebanking:38 - new lancunched
 e2022-04-23 16:09:53,879  INFO [main] ebanking:38 - new lancunched
 e2022-04-23 16:12:02,301  INFO [main] ebanking:38 - new lancunched
 e2022-04-23 16:13:13,848  INFO [main] ebanking:38 - new lancunched
 e2022-04-23 16:14:57,064  INFO [main] ebanking:38 - new lancunched
 e2022-04-23 16:15:55,328  INFO [main] ebanking:38 - new lancunched
 e2022-04-23 16:21:46,781  INFO [main] ebanking:38 - new lancunched
 e2022-04-23 16:22:11,296  INFO [main] ebanking:38 - new lancunched
 e2022-04-23 16:23:14,532  INFO [main] ebanking:38 - new lancunched
 e2022-04-23 16:25:22,591  INFO [main] ebanking:38 - new lancunched
 e2022-04-23 16:27:33,091  INFO [main] ebanking:38 - new lancunched
 e2022-04-23 16:28:08,859  INFO [main] ebanking:38 - new lancunched
 e2022-04-23 16:29:15,596  INFO [main] ebanking:38 - new lancunched
 e2022-04-23 16:30:06,399  INFO [main] ebanking:38 - new lancunched
 e2022-04-23 17:11:24,411  INFO [main] ebanking:50 - new lancunched
 e2022-04-23 18:12:22,617  INFO [main] ebanking:48 - new lancunched
 e2022-04-23 18:13:56,085  INFO [main] ebanking:48 - new lancunched
 e2022-04-23 19:08:09,558  INFO [main] ebanking:48 - new lancunched
 e2022-04-23 19:16:37,934  INFO [main] ebanking:48 - new lancunched
 e2022-04-23 19:16:55,718 DEBUG [main] cache:45 - Couldn't find template in cache for "index.ftl"("en", UTF-8, parsed); will try to load it.
 e2022-04-23 19:16:55,720 DEBUG [main] cache:45 - TemplateLoader.findTemplateSource("index_en.ftl"): Not found
 e2022-04-23 19:16:55,723 DEBUG [main] cache:45 - TemplateLoader.findTemplateSource("index.ftl"): Found
 e2022-04-23 19:16:55,723 DEBUG [main] cache:45 - Loading template for "index.ftl"("en", UTF-8, parsed) from "jar:file:/C:/Users/saiko/.m2/repository/com/aventstack/extentreports/3.1.2/extentreports-3.1.2.jar!/com/aventstack/extentreports/view/html-report/index.ftl"
 e2022-04-23 19:16:55,973 DEBUG [main] cache:45 - Couldn't find template in cache for "head.ftl"("en", UTF-8, parsed); will try to load it.
 e2022-04-23 19:16:55,975 DEBUG [main] cache:45 - TemplateLoader.findTemplateSource("head_en.ftl"): Not found
 e2022-04-23 19:16:55,976 DEBUG [main] cache:45 - TemplateLoader.findTemplateSource("head.ftl"): Found
 e2022-04-23 19:16:55,976 DEBUG [main] cache:45 - Loading template for "head.ftl"("en", UTF-8, parsed) from "jar:file:/C:/Users/saiko/.m2/repository/com/aventstack/extentreports/3.1.2/extentreports-3.1.2.jar!/com/aventstack/extentreports/view/html-report/head.ftl"
 e2022-04-23 19:16:55,980 DEBUG [main] cache:45 - Couldn't find template in cache for "nav.ftl"("en", UTF-8, parsed); will try to load it.
 e2022-04-23 19:16:55,981 DEBUG [main] cache:45 - TemplateLoader.findTemplateSource("nav_en.ftl"): Not found
 e2022-04-23 19:16:55,982 DEBUG [main] cache:45 - TemplateLoader.findTemplateSource("nav.ftl"): Found
 e2022-04-23 19:16:55,982 DEBUG [main] cache:45 - Loading template for "nav.ftl"("en", UTF-8, parsed) from "jar:file:/C:/Users/saiko/.m2/repository/com/aventstack/extentreports/3.1.2/extentreports-3.1.2.jar!/com/aventstack/extentreports/view/html-report/nav.ftl"
 e2022-04-23 19:16:55,991 DEBUG [main] cache:45 - Couldn't find template in cache for "test-view/test-view.ftl"("en", UTF-8, parsed); will try to load it.
 e2022-04-23 19:16:55,992 DEBUG [main] cache:45 - TemplateLoader.findTemplateSource("test-view/test-view_en.ftl"): Not found
 e2022-04-23 19:16:55,993 DEBUG [main] cache:45 - TemplateLoader.findTemplateSource("test-view/test-view.ftl"): Found
 e2022-04-23 19:16:55,994 DEBUG [main] cache:45 - Loading template for "test-view/test-view.ftl"("en", UTF-8, parsed) from "jar:file:/C:/Users/saiko/.m2/repository/com/aventstack/extentreports/3.1.2/extentreports-3.1.2.jar!/com/aventstack/extentreports/view/html-report/test-view/test-view.ftl"
 e2022-04-23 19:16:56,004 DEBUG [main] cache:45 - Couldn't find template in cache for "test-view/test-view-charts.ftl"("en", UTF-8, parsed); will try to load it.
 e2022-04-23 19:16:56,005 DEBUG [main] cache:45 - TemplateLoader.findTemplateSource("test-view/test-view-charts_en.ftl"): Not found
 e2022-04-23 19:16:56,006 DEBUG [main] cache:45 - TemplateLoader.findTemplateSource("test-view/test-view-charts.ftl"): Found
 e2022-04-23 19:16:56,007 DEBUG [main] cache:45 - Loading template for "test-view/test-view-charts.ftl"("en", UTF-8, parsed) from "jar:file:/C:/Users/saiko/.m2/repository/com/aventstack/extentreports/3.1.2/extentreports-3.1.2.jar!/com/aventstack/extentreports/view/html-report/test-view/test-view-charts.ftl"
 e2022-04-23 19:16:56,024 DEBUG [main] cache:45 - Couldn't find template in cache for "test-view/standard.ftl"("en", UTF-8, parsed); will try to load it.
 e2022-04-23 19:16:56,025 DEBUG [main] cache:45 - TemplateLoader.findTemplateSource("test-view/standard_en.ftl"): Not found
 e2022-04-23 19:16:56,025 DEBUG [main] cache:45 - TemplateLoader.findTemplateSource("test-view/standard.ftl"): Found
 e2022-04-23 19:16:56,026 DEBUG [main] cache:45 - Loading template for "test-view/standard.ftl"("en", UTF-8, parsed) from "jar:file:/C:/Users/saiko/.m2/repository/com/aventstack/extentreports/3.1.2/extentreports-3.1.2.jar!/com/aventstack/extentreports/view/html-report/test-view/standard.ftl"
 e2022-04-23 19:16:56,047 DEBUG [main] cache:45 - Couldn't find template in cache for "category-view/category-view.ftl"("en", UTF-8, parsed); will try to load it.
 e2022-04-23 19:16:56,048 DEBUG [main] cache:45 - TemplateLoader.findTemplateSource("category-view/category-view_en.ftl"): Not found
 e2022-04-23 19:16:56,049 DEBUG [main] cache:45 - TemplateLoader.findTemplateSource("category-view/category-view.ftl"): Found
 e2022-04-23 19:16:56,049 DEBUG [main] cache:45 - Loading template for "category-view/category-view.ftl"("en", UTF-8, parsed) from "jar:file:/C:/Users/saiko/.m2/repository/com/aventstack/extentreports/3.1.2/extentreports-3.1.2.jar!/com/aventstack/extentreports/view/html-report/category-view/category-view.ftl"
 e2022-04-23 19:16:56,058 DEBUG [main] cache:45 - Couldn't find template in cache for "author-view/author-view.ftl"("en", UTF-8, parsed); will try to load it.
 e2022-04-23 19:16:56,059 DEBUG [main] cache:45 - TemplateLoader.findTemplateSource("author-view/author-view_en.ftl"): Not found
 e2022-04-23 19:16:56,059 DEBUG [main] cache:45 - TemplateLoader.findTemplateSource("author-view/author-view.ftl"): Found
 e2022-04-23 19:16:56,060 DEBUG [main] cache:45 - Loading template for "author-view/author-view.ftl"("en", UTF-8, parsed) from "jar:file:/C:/Users/saiko/.m2/repository/com/aventstack/extentreports/3.1.2/extentreports-3.1.2.jar!/com/aventstack/extentreports/view/html-report/author-view/author-view.ftl"
 e2022-04-23 19:16:56,065 DEBUG [main] cache:45 - Couldn't find template in cache for "exception-view/exception-view.ftl"("en", UTF-8, parsed); will try to load it.
 e2022-04-23 19:16:56,066 DEBUG [main] cache:45 - TemplateLoader.findTemplateSource("exception-view/exception-view_en.ftl"): Not found
 e2022-04-23 19:16:56,067 DEBUG [main] cache:45 - TemplateLoader.findTemplateSource("exception-view/exception-view.ftl"): Found
 e2022-04-23 19:16:56,067 DEBUG [main] cache:45 - Loading template for "exception-view/exception-view.ftl"("en", UTF-8, parsed) from "jar:file:/C:/Users/saiko/.m2/repository/com/aventstack/extentreports/3.1.2/extentreports-3.1.2.jar!/com/aventstack/extentreports/view/html-report/exception-view/exception-view.ftl"
 e2022-04-23 19:16:56,072 DEBUG [main] cache:45 - Couldn't find template in cache for "dashboard-view/dashboard-view.ftl"("en", UTF-8, parsed); will try to load it.
 e2022-04-23 19:16:56,073 DEBUG [main] cache:45 - TemplateLoader.findTemplateSource("dashboard-view/dashboard-view_en.ftl"): Not found
 e2022-04-23 19:16:56,074 DEBUG [main] cache:45 - TemplateLoader.findTemplateSource("dashboard-view/dashboard-view.ftl"): Found
 e2022-04-23 19:16:56,074 DEBUG [main] cache:45 - Loading template for "dashboard-view/dashboard-view.ftl"("en", UTF-8, parsed) from "jar:file:/C:/Users/saiko/.m2/repository/com/aventstack/extentreports/3.1.2/extentreports-3.1.2.jar!/com/aventstack/extentreports/view/html-report/dashboard-view/dashboard-view.ftl"
 e2022-04-23 19:16:56,084 DEBUG [main] cache:45 - Couldn't find template in cache for "logs-view/testrunner-logs-view.ftl"("en", UTF-8, parsed); will try to load it.
 e2022-04-23 19:16:56,086 DEBUG [main] cache:45 - TemplateLoader.findTemplateSource("logs-view/testrunner-logs-view_en.ftl"): Not found
 e2022-04-23 19:16:56,086 DEBUG [main] cache:45 - TemplateLoader.findTemplateSource("logs-view/testrunner-logs-view.ftl"): Found
 e2022-04-23 19:16:56,087 DEBUG [main] cache:45 - Loading template for "logs-view/testrunner-logs-view.ftl"("en", UTF-8, parsed) from "jar:file:/C:/Users/saiko/.m2/repository/com/aventstack/extentreports/3.1.2/extentreports-3.1.2.jar!/com/aventstack/extentreports/view/html-report/logs-view/testrunner-logs-view.ftl"
 e2022-04-23 19:18:23,517  INFO [main] ebanking:48 - new lancunched
 e2022-04-23 19:18:47,145 DEBUG [main] cache:45 - Couldn't find template in cache for "index.ftl"("en", UTF-8, parsed); will try to load it.
 e2022-04-23 19:18:47,148 DEBUG [main] cache:45 - TemplateLoader.findTemplateSource("index_en.ftl"): Not found
 e2022-04-23 19:18:47,152 DEBUG [main] cache:45 - TemplateLoader.findTemplateSource("index.ftl"): Found
 e2022-04-23 19:18:47,153 DEBUG [main] cache:45 - Loading template for "index.ftl"("en", UTF-8, parsed) from "jar:file:/C:/Users/saiko/.m2/repository/com/aventstack/extentreports/3.1.2/extentreports-3.1.2.jar!/com/aventstack/extentreports/view/html-report/index.ftl"
 e2022-04-23 19:18:47,398 DEBUG [main] cache:45 - Couldn't find template in cache for "head.ftl"("en", UTF-8, parsed); will try to load it.
 e2022-04-23 19:18:47,400 DEBUG [main] cache:45 - TemplateLoader.findTemplateSource("head_en.ftl"): Not found
 e2022-04-23 19:18:47,400 DEBUG [main] cache:45 - TemplateLoader.findTemplateSource("head.ftl"): Found
 e2022-04-23 19:18:47,401 DEBUG [main] cache:45 - Loading template for "head.ftl"("en", UTF-8, parsed) from "jar:file:/C:/Users/saiko/.m2/repository/com/aventstack/extentreports/3.1.2/extentreports-3.1.2.jar!/com/aventstack/extentreports/view/html-report/head.ftl"
 e2022-04-23 19:18:47,404 DEBUG [main] cache:45 - Couldn't find template in cache for "nav.ftl"("en", UTF-8, parsed); will try to load it.
 e2022-04-23 19:18:47,404 DEBUG [main] cache:45 - TemplateLoader.findTemplateSource("nav_en.ftl"): Not found
 e2022-04-23 19:18:47,405 DEBUG [main] cache:45 - TemplateLoader.findTemplateSource("nav.ftl"): Found
 e2022-04-23 19:18:47,405 DEBUG [main] cache:45 - Loading template for "nav.ftl"("en", UTF-8, parsed) from "jar:file:/C:/Users/saiko/.m2/repository/com/aventstack/extentreports/3.1.2/extentreports-3.1.2.jar!/com/aventstack/extentreports/view/html-report/nav.ftl"
 e2022-04-23 19:18:47,412 DEBUG [main] cache:45 - Couldn't find template in cache for "test-view/test-view.ftl"("en", UTF-8, parsed); will try to load it.
 e2022-04-23 19:18:47,412 DEBUG [main] cache:45 - TemplateLoader.findTemplateSource("test-view/test-view_en.ftl"): Not found
 e2022-04-23 19:18:47,413 DEBUG [main] cache:45 - TemplateLoader.findTemplateSource("test-view/test-view.ftl"): Found
 e2022-04-23 19:18:47,414 DEBUG [main] cache:45 - Loading template for "test-view/test-view.ftl"("en", UTF-8, parsed) from "jar:file:/C:/Users/saiko/.m2/repository/com/aventstack/extentreports/3.1.2/extentreports-3.1.2.jar!/com/aventstack/extentreports/view/html-report/test-view/test-view.ftl"
 e2022-04-23 19:18:47,423 DEBUG [main] cache:45 - Couldn't find template in cache for "test-view/test-view-charts.ftl"("en", UTF-8, parsed); will try to load it.
 e2022-04-23 19:18:47,427 DEBUG [main] cache:45 - TemplateLoader.findTemplateSource("test-view/test-view-charts_en.ftl"): Not found
 e2022-04-23 19:18:47,428 DEBUG [main] cache:45 - TemplateLoader.findTemplateSource("test-view/test-view-charts.ftl"): Found
 e2022-04-23 19:18:47,429 DEBUG [main] cache:45 - Loading template for "test-view/test-view-charts.ftl"("en", UTF-8, parsed) from "jar:file:/C:/Users/saiko/.m2/repository/com/aventstack/extentreports/3.1.2/extentreports-3.1.2.jar!/com/aventstack/extentreports/view/html-report/test-view/test-view-charts.ftl"
 e2022-04-23 19:18:47,445 DEBUG [main] cache:45 - Couldn't find template in cache for "test-view/standard.ftl"("en", UTF-8, parsed); will try to load it.
 e2022-04-23 19:18:47,446 DEBUG [main] cache:45 - TemplateLoader.findTemplateSource("test-view/standard_en.ftl"): Not found
 e2022-04-23 19:18:47,447 DEBUG [main] cache:45 - TemplateLoader.findTemplateSource("test-view/standard.ftl"): Found
 e2022-04-23 19:18:47,448 DEBUG [main] cache:45 - Loading template for "test-view/standard.ftl"("en", UTF-8, parsed) from "jar:file:/C:/Users/saiko/.m2/repository/com/aventstack/extentreports/3.1.2/extentreports-3.1.2.jar!/com/aventstack/extentreports/view/html-report/test-view/standard.ftl"
 e2022-04-23 19:18:47,461 DEBUG [main] cache:45 - Couldn't find template in cache for "category-view/category-view.ftl"("en", UTF-8, parsed); will try to load it.
 e2022-04-23 19:18:47,462 DEBUG [main] cache:45 - TemplateLoader.findTemplateSource("category-view/category-view_en.ftl"): Not found
 e2022-04-23 19:18:47,463 DEBUG [main] cache:45 - TemplateLoader.findTemplateSource("category-view/category-view.ftl"): Found
 e2022-04-23 19:18:47,463 DEBUG [main] cache:45 - Loading template for "category-view/category-view.ftl"("en", UTF-8, parsed) from "jar:file:/C:/Users/saiko/.m2/repository/com/aventstack/extentreports/3.1.2/extentreports-3.1.2.jar!/com/aventstack/extentreports/view/html-report/category-view/category-view.ftl"
 e2022-04-23 19:18:47,466 DEBUG [main] cache:45 - Couldn't find template in cache for "author-view/author-view.ftl"("en", UTF-8, parsed); will try to load it.
 e2022-04-23 19:18:47,467 DEBUG [main] cache:45 - TemplateLoader.findTemplateSource("author-view/author-view_en.ftl"): Not found
 e2022-04-23 19:18:47,467 DEBUG [main] cache:45 - TemplateLoader.findTemplateSource("author-view/author-view.ftl"): Found
 e2022-04-23 19:18:47,467 DEBUG [main] cache:45 - Loading template for "author-view/author-view.ftl"("en", UTF-8, parsed) from "jar:file:/C:/Users/saiko/.m2/repository/com/aventstack/extentreports/3.1.2/extentreports-3.1.2.jar!/com/aventstack/extentreports/view/html-report/author-view/author-view.ftl"
 e2022-04-23 19:18:47,471 DEBUG [main] cache:45 - Couldn't find template in cache for "exception-view/exception-view.ftl"("en", UTF-8, parsed); will try to load it.
 e2022-04-23 19:18:47,471 DEBUG [main] cache:45 - TemplateLoader.findTemplateSource("exception-view/exception-view_en.ftl"): Not found
 e2022-04-23 19:18:47,472 DEBUG [main] cache:45 - TemplateLoader.findTemplateSource("exception-view/exception-view.ftl"): Found
 e2022-04-23 19:18:47,472 DEBUG [main] cache:45 - Loading template for "exception-view/exception-view.ftl"("en", UTF-8, parsed) from "jar:file:/C:/Users/saiko/.m2/repository/com/aventstack/extentreports/3.1.2/extentreports-3.1.2.jar!/com/aventstack/extentreports/view/html-report/exception-view/exception-view.ftl"
 e2022-04-23 19:18:47,475 DEBUG [main] cache:45 - Couldn't find template in cache for "dashboard-view/dashboard-view.ftl"("en", UTF-8, parsed); will try to load it.
 e2022-04-23 19:18:47,476 DEBUG [main] cache:45 - TemplateLoader.findTemplateSource("dashboard-view/dashboard-view_en.ftl"): Not found
 e2022-04-23 19:18:47,477 DEBUG [main] cache:45 - TemplateLoader.findTemplateSource("dashboard-view/dashboard-view.ftl"): Found
 e2022-04-23 19:18:47,477 DEBUG [main] cache:45 - Loading template for "dashboard-view/dashboard-view.ftl"("en", UTF-8, parsed) from "jar:file:/C:/Users/saiko/.m2/repository/com/aventstack/extentreports/3.1.2/extentreports-3.1.2.jar!/com/aventstack/extentreports/view/html-report/dashboard-view/dashboard-view.ftl"
 e2022-04-23 19:18:47,484 DEBUG [main] cache:45 - Couldn't find template in cache for "logs-view/testrunner-logs-view.ftl"("en", UTF-8, parsed); will try to load it.
 e2022-04-23 19:18:47,485 DEBUG [main] cache:45 - TemplateLoader.findTemplateSource("logs-view/testrunner-logs-view_en.ftl"): Not found
 e2022-04-23 19:18:47,486 DEBUG [main] cache:45 - TemplateLoader.findTemplateSource("logs-view/testrunner-logs-view.ftl"): Found
 e2022-04-23 19:18:47,486 DEBUG [main] cache:45 - Loading template for "logs-view/testrunner-logs-view.ftl"("en", UTF-8, parsed) from "jar:file:/C:/Users/saiko/.m2/repository/com/aventstack/extentreports/3.1.2/extentreports-3.1.2.jar!/com/aventstack/extentreports/view/html-report/logs-view/testrunner-logs-view.ftl"
 e2022-04-23 19:23:07,247  INFO [main] ebanking:48 - new lancunched
 e2022-04-23 19:23:21,658 DEBUG [main] cache:45 - Couldn't find template in cache for "index.ftl"("en", UTF-8, parsed); will try to load it.
 e2022-04-23 19:23:21,659 DEBUG [main] cache:45 - TemplateLoader.findTemplateSource("index_en.ftl"): Not found
 e2022-04-23 19:23:21,661 DEBUG [main] cache:45 - TemplateLoader.findTemplateSource("index.ftl"): Found
 e2022-04-23 19:23:21,662 DEBUG [main] cache:45 - Loading template for "index.ftl"("en", UTF-8, parsed) from "jar:file:/C:/Users/saiko/.m2/repository/com/aventstack/extentreports/3.1.2/extentreports-3.1.2.jar!/com/aventstack/extentreports/view/html-report/index.ftl"
 e2022-04-23 19:23:21,863 DEBUG [main] cache:45 - Couldn't find template in cache for "head.ftl"("en", UTF-8, parsed); will try to load it.
 e2022-04-23 19:23:21,865 DEBUG [main] cache:45 - TemplateLoader.findTemplateSource("head_en.ftl"): Not found
 e2022-04-23 19:23:21,865 DEBUG [main] cache:45 - TemplateLoader.findTemplateSource("head.ftl"): Found
 e2022-04-23 19:23:21,866 DEBUG [main] cache:45 - Loading template for "head.ftl"("en", UTF-8, parsed) from "jar:file:/C:/Users/saiko/.m2/repository/com/aventstack/extentreports/3.1.2/extentreports-3.1.2.jar!/com/aventstack/extentreports/view/html-report/head.ftl"
 e2022-04-23 19:23:21,869 DEBUG [main] cache:45 - Couldn't find template in cache for "nav.ftl"("en", UTF-8, parsed); will try to load it.
 e2022-04-23 19:23:21,870 DEBUG [main] cache:45 - TemplateLoader.findTemplateSource("nav_en.ftl"): Not found
 e2022-04-23 19:23:21,871 DEBUG [main] cache:45 - TemplateLoader.findTemplateSource("nav.ftl"): Found
 e2022-04-23 19:23:21,872 DEBUG [main] cache:45 - Loading template for "nav.ftl"("en", UTF-8, parsed) from "jar:file:/C:/Users/saiko/.m2/repository/com/aventstack/extentreports/3.1.2/extentreports-3.1.2.jar!/com/aventstack/extentreports/view/html-report/nav.ftl"
 e2022-04-23 19:23:21,878 DEBUG [main] cache:45 - Couldn't find template in cache for "test-view/test-view.ftl"("en", UTF-8, parsed); will try to load it.
 e2022-04-23 19:23:21,879 DEBUG [main] cache:45 - TemplateLoader.findTemplateSource("test-view/test-view_en.ftl"): Not found
 e2022-04-23 19:23:21,879 DEBUG [main] cache:45 - TemplateLoader.findTemplateSource("test-view/test-view.ftl"): Found
 e2022-04-23 19:23:21,880 DEBUG [main] cache:45 - Loading template for "test-view/test-view.ftl"("en", UTF-8, parsed) from "jar:file:/C:/Users/saiko/.m2/repository/com/aventstack/extentreports/3.1.2/extentreports-3.1.2.jar!/com/aventstack/extentreports/view/html-report/test-view/test-view.ftl"
 e2022-04-23 19:23:21,889 DEBUG [main] cache:45 - Couldn't find template in cache for "test-view/test-view-charts.ftl"("en", UTF-8, parsed); will try to load it.
 e2022-04-23 19:23:21,889 DEBUG [main] cache:45 - TemplateLoader.findTemplateSource("test-view/test-view-charts_en.ftl"): Not found
 e2022-04-23 19:23:21,890 DEBUG [main] cache:45 - TemplateLoader.findTemplateSource("test-view/test-view-charts.ftl"): Found
 e2022-04-23 19:23:21,890 DEBUG [main] cache:45 - Loading template for "test-view/test-view-charts.ftl"("en", UTF-8, parsed) from "jar:file:/C:/Users/saiko/.m2/repository/com/aventstack/extentreports/3.1.2/extentreports-3.1.2.jar!/com/aventstack/extentreports/view/html-report/test-view/test-view-charts.ftl"
 e2022-04-23 19:23:21,905 DEBUG [main] cache:45 - Couldn't find template in cache for "test-view/standard.ftl"("en", UTF-8, parsed); will try to load it.
 e2022-04-23 19:23:21,905 DEBUG [main] cache:45 - TemplateLoader.findTemplateSource("test-view/standard_en.ftl"): Not found
 e2022-04-23 19:23:21,906 DEBUG [main] cache:45 - TemplateLoader.findTemplateSource("test-view/standard.ftl"): Found
 e2022-04-23 19:23:21,906 DEBUG [main] cache:45 - Loading template for "test-view/standard.ftl"("en", UTF-8, parsed) from "jar:file:/C:/Users/saiko/.m2/repository/com/aventstack/extentreports/3.1.2/extentreports-3.1.2.jar!/com/aventstack/extentreports/view/html-report/test-view/standard.ftl"
 e2022-04-23 19:23:21,922 DEBUG [main] cache:45 - Couldn't find template in cache for "category-view/category-view.ftl"("en", UTF-8, parsed); will try to load it.
 e2022-04-23 19:23:21,923 DEBUG [main] cache:45 - TemplateLoader.findTemplateSource("category-view/category-view_en.ftl"): Not found
 e2022-04-23 19:23:21,924 DEBUG [main] cache:45 - TemplateLoader.findTemplateSource("category-view/category-view.ftl"): Found
 e2022-04-23 19:23:21,925 DEBUG [main] cache:45 - Loading template for "category-view/category-view.ftl"("en", UTF-8, parsed) from "jar:file:/C:/Users/saiko/.m2/repository/com/aventstack/extentreports/3.1.2/extentreports-3.1.2.jar!/com/aventstack/extentreports/view/html-report/category-view/category-view.ftl"
 e2022-04-23 19:23:21,928 DEBUG [main] cache:45 - Couldn't find template in cache for "author-view/author-view.ftl"("en", UTF-8, parsed); will try to load it.
 e2022-04-23 19:23:21,929 DEBUG [main] cache:45 - TemplateLoader.findTemplateSource("author-view/author-view_en.ftl"): Not found
 e2022-04-23 19:23:21,929 DEBUG [main] cache:45 - TemplateLoader.findTemplateSource("author-view/author-view.ftl"): Found
 e2022-04-23 19:23:21,930 DEBUG [main] cache:45 - Loading template for "author-view/author-view.ftl"("en", UTF-8, parsed) from "jar:file:/C:/Users/saiko/.m2/repository/com/aventstack/extentreports/3.1.2/extentreports-3.1.2.jar!/com/aventstack/extentreports/view/html-report/author-view/author-view.ftl"
 e2022-04-23 19:23:21,933 DEBUG [main] cache:45 - Couldn't find template in cache for "exception-view/exception-view.ftl"("en", UTF-8, parsed); will try to load it.
 e2022-04-23 19:23:21,934 DEBUG [main] cache:45 - TemplateLoader.findTemplateSource("exception-view/exception-view_en.ftl"): Not found
 e2022-04-23 19:23:21,934 DEBUG [main] cache:45 - TemplateLoader.findTemplateSource("exception-view/exception-view.ftl"): Found
 e2022-04-23 19:23:21,935 DEBUG [main] cache:45 - Loading template for "exception-view/exception-view.ftl"("en", UTF-8, parsed) from "jar:file:/C:/Users/saiko/.m2/repository/com/aventstack/extentreports/3.1.2/extentreports-3.1.2.jar!/com/aventstack/extentreports/view/html-report/exception-view/exception-view.ftl"
 e2022-04-23 19:23:21,938 DEBUG [main] cache:45 - Couldn't find template in cache for "dashboard-view/dashboard-view.ftl"("en", UTF-8, parsed); will try to load it.
 e2022-04-23 19:23:21,939 DEBUG [main] cache:45 - TemplateLoader.findTemplateSource("dashboard-view/dashboard-view_en.ftl"): Not found
 e2022-04-23 19:23:21,940 DEBUG [main] cache:45 - TemplateLoader.findTemplateSource("dashboard-view/dashboard-view.ftl"): Found
 e2022-04-23 19:23:21,941 DEBUG [main] cache:45 - Loading template for "dashboard-view/dashboard-view.ftl"("en", UTF-8, parsed) from "jar:file:/C:/Users/saiko/.m2/repository/com/aventstack/extentreports/3.1.2/extentreports-3.1.2.jar!/com/aventstack/extentreports/view/html-report/dashboard-view/dashboard-view.ftl"
 e2022-04-23 19:23:21,949 DEBUG [main] cache:45 - Couldn't find template in cache for "logs-view/testrunner-logs-view.ftl"("en", UTF-8, parsed); will try to load it.
 e2022-04-23 19:23:21,949 DEBUG [main] cache:45 - TemplateLoader.findTemplateSource("logs-view/testrunner-logs-view_en.ftl"): Not found
 e2022-04-23 19:23:21,950 DEBUG [main] cache:45 - TemplateLoader.findTemplateSource("logs-view/testrunner-logs-view.ftl"): Found
 e2022-04-23 19:23:21,951 DEBUG [main] cache:45 - Loading template for "logs-view/testrunner-logs-view.ftl"("en", UTF-8, parsed) from "jar:file:/C:/Users/saiko/.m2/repository/com/aventstack/extentreports/3.1.2/extentreports-3.1.2.jar!/com/aventstack/extentreports/view/html-report/logs-view/testrunner-logs-view.ftl"
 e